Latest sensor data requested
Returning 4 sensor readings
Latest sensor data requested
Returning 4 sensor readings
Latest sensor data requested
Returning 4 sensor readings
Latest sensor data requested
Returning 4 sensor readings
Successfully imported core.views.signals
Latest sensor data requested
Returning 4 sensor readings
Latest sensor data requested
Returning 4 sensor readings
Latest sensor data requested
Returning 4 sensor readings
Latest sensor data requested
Returning 4 sensor readings
Latest sensor data requested
Returning 4 sensor readings
Latest sensor data requested
Returning 4 sensor readings
Latest sensor data requested
Returning 4 sensor readings
Failed to create profile for user profiletest (ID: e6b51d7b-e111-4601-9ad1-978b95962339): Profile() got unexpected keyword arguments: 'email'
Latest sensor data requested
Returning 4 sensor readings
Latest sensor data requested
Returning 4 sensor readings
Latest sensor data requested
Returning 4 sensor readings
Latest sensor data requested
Returning 4 sensor readings
Latest sensor data requested
Returning 4 sensor readings
Latest sensor data requested
Returning 4 sensor readings
Latest sensor data requested
Returning 4 sensor readings
Latest sensor data requested
Returning 4 sensor readings
Latest sensor data requested
Returning 4 sensor readings
Latest sensor data requested
Returning 4 sensor readings
Latest sensor data requested
Returning 4 sensor readings
Latest sensor data requested
Returning 4 sensor readings
Latest sensor data requested
Returning 4 sensor readings
Latest sensor data requested
Returning 4 sensor readings
Latest sensor data requested
Returning 4 sensor readings
Latest sensor data requested
Returning 4 sensor readings
Latest sensor data requested
Returning 4 sensor readings
Latest sensor data requested
Returning 4 sensor readings
Latest sensor data requested
Returning 4 sensor readings
Latest sensor data requested
Returning 4 sensor readings
Latest sensor data requested
Returning 4 sensor readings
Latest sensor data requested
Returning 4 sensor readings
Latest sensor data requested
Returning 4 sensor readings
Latest sensor data requested
Returning 4 sensor readings
Latest sensor data requested
Returning 4 sensor readings
Latest sensor data requested
Returning 4 sensor readings
Latest sensor data requested
Returning 4 sensor readings
Latest sensor data requested
Returning 4 sensor readings
Latest sensor data requested
Returning 4 sensor readings
Latest sensor data requested
Returning 4 sensor readings
Successfully imported core.views.signals
Successfully imported core.views.signals
Successfully imported core.views.signals
Successfully imported core.views.signals
Successfully imported core.views.signals
Latest sensor data requested
Returning 4 sensor readings
Latest sensor data requested
Returning 4 sensor readings
User profiletest2 (ID: 3a6dc696-e940-4376-86b2-b9b2038d8989) created with default profile
Latest sensor data requested
Returning 4 sensor readings
Latest sensor data requested
Returning 4 sensor readings
Latest sensor data requested
Returning 4 sensor readings
Latest sensor data requested
Returning 4 sensor readings
Latest sensor data requested
Latest sensor data requested
Returning 4 sensor readings
Returning 4 sensor readings
Latest sensor data requested
Returning 4 sensor readings
Energy cost calculation requested with params: <QueryDict: {'period_type': ['daily'], 'period_start': ['2025-10-06T00:00:00.000Z'], 'period_end': ['2025-10-06T23:59:59.000Z']}>
Initial query count: 0
All matching EnergySummaries: []
No daily energy summaries found for criteria: room_id=None, equipment_id=None, component_id=None, period_start=2025-10-06T00:00:00+00:00, period_end=2025-10-07T00:00:00+00:00
Latest sensor data requested
Latest sensor data requested
Returning 4 sensor readings
Returning 4 sensor readings
Energy cost calculation requested with params: <QueryDict: {'period_type': ['weekly'], 'room_id': ['73d9804c-f81a-404d-a92f-b8c1b7438c68'], 'period_start': ['2025-09-29T00:00:00.000Z'], 'period_end': ['2025-10-06T00:00:00.000Z']}>
Initial query count: 1
After room_id filter (73d9804c-f81a-404d-a92f-b8c1b7438c68): 0
All matching EnergySummaries: []
No daily energy summaries found for criteria: room_id=73d9804c-f81a-404d-a92f-b8c1b7438c68, equipment_id=None, component_id=None, period_start=2025-09-29T00:00:00+00:00, period_end=2025-10-06T00:00:01+00:00
Latest sensor data requested
Returning 4 sensor readings
Energy cost calculation requested with params: <QueryDict: {'period_type': ['monthly'], 'room_id': ['73d9804c-f81a-404d-a92f-b8c1b7438c68'], 'period_start': ['2025-09-06T00:00:00.000Z'], 'period_end': ['2025-10-06T00:00:00.000Z']}>
Initial query count: 2
After room_id filter (73d9804c-f81a-404d-a92f-b8c1b7438c68): 0
All matching EnergySummaries: []
No daily energy summaries found for criteria: room_id=73d9804c-f81a-404d-a92f-b8c1b7438c68, equipment_id=None, component_id=None, period_start=2025-09-06T00:00:00+00:00, period_end=2025-10-06T00:00:01+00:00
Latest sensor data requested
Returning 4 sensor readings
Energy cost calculation requested with params: <QueryDict: {'period_type': ['monthly'], 'period_start': ['2025-09-06T00:00:00.000Z'], 'period_end': ['2025-10-06T00:00:00.000Z']}>
Initial query count: 2
All matching EnergySummaries: []
No billing rate found for room Server Room A on 2025-09-26 00:00:00+00:00
Calculated total_cost=0.24000000000000002, total_energy=0.024, effective_rate=10.0, currency=PHP for 2 summaries
Latest sensor data requested
Returning 4 sensor readings
Latest sensor data requested
Returning 4 sensor readings
Energy cost calculation requested with params: <QueryDict: {'period_type': ['monthly'], 'period_start': ['2025-09-06T00:00:00.000Z'], 'period_end': ['2025-10-06T00:00:00.000Z']}>
Initial query count: 2
All matching EnergySummaries: []
No billing rate found for room Server Room A on 2025-09-26 00:00:00+00:00
Calculated total_cost=0.24000000000000002, total_energy=0.024, effective_rate=10.0, currency=PHP for 2 summaries
Latest sensor data requested
Returning 4 sensor readings
Energy cost calculation requested with params: <QueryDict: {'period_type': ['daily'], 'period_start': ['2025-10-06T00:00:00.000Z'], 'period_end': ['2025-10-06T23:59:59.000Z']}>
Initial query count: 0
All matching EnergySummaries: []
No daily energy summaries found for criteria: room_id=None, equipment_id=None, component_id=None, period_start=2025-10-06T00:00:00+00:00, period_end=2025-10-07T00:00:00+00:00
Latest sensor data requested
Returning 4 sensor readings
Latest sensor data requested
Returning 4 sensor readings
Latest sensor data requested
Returning 4 sensor readings
Latest sensor data requested
Returning 4 sensor readings
Latest sensor data requested
Returning 4 sensor readings
Latest sensor data requested
Returning 4 sensor readings
Latest sensor data requested
Returning 4 sensor readings
Latest sensor data requested
Returning 4 sensor readings
Latest sensor data requested
Returning 4 sensor readings
Latest sensor data requested
Returning 4 sensor readings
Latest sensor data requested
Returning 4 sensor readings
Latest sensor data requested
Returning 4 sensor readings
Latest sensor data requested
Returning 4 sensor readings
Latest sensor data requested
Returning 4 sensor readings
Latest sensor data requested
Returning 4 sensor readings
Latest sensor data requested
Returning 4 sensor readings
Latest sensor data requested
Returning 4 sensor readings
Latest sensor data requested
Returning 4 sensor readings
Latest sensor data requested
Returning 4 sensor readings
Latest sensor data requested
Returning 4 sensor readings
Latest sensor data requested
Returning 4 sensor readings
Latest sensor data requested
Returning 4 sensor readings
Energy cost calculation requested with params: <QueryDict: {'period_type': ['daily'], 'period_start': ['2025-10-06T00:00:00.000Z'], 'period_end': ['2025-10-06T23:59:59.000Z']}>
Initial query count: 0
All matching EnergySummaries: []
No daily energy summaries found for criteria: room_id=None, equipment_id=None, component_id=None, period_start=2025-10-06T00:00:00+00:00, period_end=2025-10-07T00:00:00+00:00
Latest sensor data requested
Returning 4 sensor readings
Latest sensor data requested
Returning 4 sensor readings
Latest sensor data requested
Returning 4 sensor readings
Energy cost calculation requested with params: <QueryDict: {'period_type': ['daily'], 'period_start': ['2025-10-06T00:00:00.000Z'], 'period_end': ['2025-10-06T23:59:59.000Z']}>
Initial query count: 0
All matching EnergySummaries: []
No daily energy summaries found for criteria: room_id=None, equipment_id=None, component_id=None, period_start=2025-10-06T00:00:00+00:00, period_end=2025-10-07T00:00:00+00:00
Latest sensor data requested
Returning 4 sensor readings
Latest sensor data requested
Returning 4 sensor readings
Latest sensor data requested
Returning 4 sensor readings
Latest sensor data requested
Returning 4 sensor readings
Latest sensor data requested
Returning 4 sensor readings
Latest sensor data requested
Returning 4 sensor readings
Latest sensor data requested
Returning 4 sensor readings
Latest sensor data requested
Returning 4 sensor readings
Latest sensor data requested
Returning 4 sensor readings
Latest sensor data requested
Returning 4 sensor readings
Latest sensor data requested
Returning 4 sensor readings
Latest sensor data requested
Returning 4 sensor readings
Latest sensor data requested
Returning 4 sensor readings
Latest sensor data requested
Returning 4 sensor readings
Latest sensor data requested
Returning 4 sensor readings
Latest sensor data requested
Returning 4 sensor readings
Latest sensor data requested
Returning 4 sensor readings
Latest sensor data requested
Returning 4 sensor readings
Latest sensor data requested
Returning 4 sensor readings
Latest sensor data requested
Returning 4 sensor readings
Latest sensor data requested
Returning 4 sensor readings
Latest sensor data requested
Returning 4 sensor readings
Latest sensor data requested
Returning 4 sensor readings
Latest sensor data requested
Returning 4 sensor readings
Latest sensor data requested
Returning 4 sensor readings
Latest sensor data requested
Returning 4 sensor readings
Latest sensor data requested
Returning 4 sensor readings
Latest sensor data requested
Returning 4 sensor readings
Latest sensor data requested
Returning 4 sensor readings
Latest sensor data requested
Returning 4 sensor readings
Latest sensor data requested
Returning 4 sensor readings
Latest sensor data requested
Returning 4 sensor readings
Latest sensor data requested
Returning 4 sensor readings
Latest sensor data requested
Returning 4 sensor readings
Latest sensor data requested
Returning 4 sensor readings
Latest sensor data requested
Returning 4 sensor readings
Latest sensor data requested
Returning 4 sensor readings
Energy cost calculation requested with params: <QueryDict: {'period_type': ['daily'], 'period_start': ['2025-10-06T00:00:00.000Z'], 'period_end': ['2025-10-06T23:59:59.000Z']}>
Initial query count: 0
All matching EnergySummaries: []
No daily energy summaries found for criteria: room_id=None, equipment_id=None, component_id=None, period_start=2025-10-06T00:00:00+00:00, period_end=2025-10-07T00:00:00+00:00
Latest sensor data requested
Returning 4 sensor readings
Latest sensor data requested
Returning 4 sensor readings
Energy cost calculation requested with params: <QueryDict: {'period_type': ['daily'], 'period_start': ['2025-10-06T00:00:00.000Z'], 'period_end': ['2025-10-06T23:59:59.000Z']}>
Initial query count: 0
All matching EnergySummaries: []
No daily energy summaries found for criteria: room_id=None, equipment_id=None, component_id=None, period_start=2025-10-06T00:00:00+00:00, period_end=2025-10-07T00:00:00+00:00
Latest sensor data requested
Returning 4 sensor readings
Energy cost calculation requested with params: <QueryDict: {'period_type': ['weekly'], 'room_id': ['73d9804c-f81a-404d-a92f-b8c1b7438c68'], 'period_start': ['2025-09-29T00:00:00.000Z'], 'period_end': ['2025-10-06T00:00:00.000Z']}>
Initial query count: 1
After room_id filter (73d9804c-f81a-404d-a92f-b8c1b7438c68): 0
All matching EnergySummaries: []
No daily energy summaries found for criteria: room_id=73d9804c-f81a-404d-a92f-b8c1b7438c68, equipment_id=None, component_id=None, period_start=2025-09-29T00:00:00+00:00, period_end=2025-10-06T00:00:01+00:00
Latest sensor data requested
Returning 4 sensor readings
Energy cost calculation requested with params: <QueryDict: {'period_type': ['weekly'], 'room_id': ['52801213-d525-4b90-804f-fe98bdbba929'], 'period_start': ['2025-09-29T00:00:00.000Z'], 'period_end': ['2025-10-06T00:00:00.000Z']}>
Initial query count: 1
After room_id filter (52801213-d525-4b90-804f-fe98bdbba929): 1
All matching EnergySummaries: []
Calculated total_cost=0.21000000000000002, total_energy=0.021, effective_rate=10.0, currency=PHP for 1 summaries
Latest sensor data requested
Returning 4 sensor readings
Latest sensor data requested
Returning 4 sensor readings
Energy cost calculation requested with params: <QueryDict: {'period_type': ['daily'], 'room_id': ['52801213-d525-4b90-804f-fe98bdbba929'], 'period_start': ['2025-10-06T00:00:00.000Z'], 'period_end': ['2025-10-06T23:59:59.000Z']}>
Initial query count: 0
After room_id filter (52801213-d525-4b90-804f-fe98bdbba929): 0
All matching EnergySummaries: []
No daily energy summaries found for criteria: room_id=52801213-d525-4b90-804f-fe98bdbba929, equipment_id=None, component_id=None, period_start=2025-10-06T00:00:00+00:00, period_end=2025-10-07T00:00:00+00:00
Latest sensor data requested
Returning 4 sensor readings
Energy cost calculation requested with params: <QueryDict: {'period_type': ['weekly'], 'room_id': ['52801213-d525-4b90-804f-fe98bdbba929'], 'period_start': ['2025-09-29T00:00:00.000Z'], 'period_end': ['2025-10-06T00:00:00.000Z']}>
Initial query count: 1
After room_id filter (52801213-d525-4b90-804f-fe98bdbba929): 1
All matching EnergySummaries: []
Calculated total_cost=0.21000000000000002, total_energy=0.021, effective_rate=10.0, currency=PHP for 1 summaries
Latest sensor data requested
Returning 4 sensor readings
Latest sensor data requested
Returning 4 sensor readings
Energy cost calculation requested with params: <QueryDict: {'period_type': ['monthly'], 'room_id': ['52801213-d525-4b90-804f-fe98bdbba929'], 'period_start': ['2025-09-06T00:00:00.000Z'], 'period_end': ['2025-10-06T00:00:00.000Z']}>
Initial query count: 2
After room_id filter (52801213-d525-4b90-804f-fe98bdbba929): 2
All matching EnergySummaries: []
No billing rate found for room Server Room A on 2025-09-26 00:00:00+00:00
Calculated total_cost=0.24000000000000002, total_energy=0.024, effective_rate=10.0, currency=PHP for 2 summaries
Latest sensor data requested
Returning 4 sensor readings
Latest sensor data requested
Returning 4 sensor readings
Energy cost calculation requested with params: <QueryDict: {'period_type': ['daily'], 'period_start': ['2025-10-06T00:00:00.000Z'], 'period_end': ['2025-10-06T23:59:59.000Z']}>
Initial query count: 0
All matching EnergySummaries: []
No daily energy summaries found for criteria: room_id=None, equipment_id=None, component_id=None, period_start=2025-10-06T00:00:00+00:00, period_end=2025-10-07T00:00:00+00:00
Latest sensor data requested
Returning 4 sensor readings
Latest sensor data requested
Returning 4 sensor readings
Energy cost calculation requested with params: <QueryDict: {'period_type': ['weekly'], 'room_id': ['73d9804c-f81a-404d-a92f-b8c1b7438c68'], 'period_start': ['2025-09-29T00:00:00.000Z'], 'period_end': ['2025-10-06T00:00:00.000Z']}>
Initial query count: 1
After room_id filter (73d9804c-f81a-404d-a92f-b8c1b7438c68): 0
All matching EnergySummaries: []
No daily energy summaries found for criteria: room_id=73d9804c-f81a-404d-a92f-b8c1b7438c68, equipment_id=None, component_id=None, period_start=2025-09-29T00:00:00+00:00, period_end=2025-10-06T00:00:01+00:00
Latest sensor data requested
Returning 4 sensor readings
Energy cost calculation requested with params: <QueryDict: {'period_type': ['weekly'], 'room_id': ['52801213-d525-4b90-804f-fe98bdbba929'], 'period_start': ['2025-09-29T00:00:00.000Z'], 'period_end': ['2025-10-06T00:00:00.000Z']}>
Initial query count: 1
After room_id filter (52801213-d525-4b90-804f-fe98bdbba929): 1
All matching EnergySummaries: []
Calculated total_cost=0.21000000000000002, total_energy=0.021, effective_rate=10.0, currency=PHP for 1 summaries
Latest sensor data requested
Returning 4 sensor readings
Latest sensor data requested
Returning 4 sensor readings
Energy cost calculation requested with params: <QueryDict: {'period_type': ['monthly'], 'room_id': ['52801213-d525-4b90-804f-fe98bdbba929'], 'period_start': ['2025-09-06T00:00:00.000Z'], 'period_end': ['2025-10-06T00:00:00.000Z']}>
Initial query count: 2
After room_id filter (52801213-d525-4b90-804f-fe98bdbba929): 2
All matching EnergySummaries: []
No billing rate found for room Server Room A on 2025-09-26 00:00:00+00:00
Calculated total_cost=0.24000000000000002, total_energy=0.024, effective_rate=10.0, currency=PHP for 2 summaries
Latest sensor data requested
Returning 4 sensor readings
Energy cost calculation requested with params: <QueryDict: {'period_type': ['weekly'], 'room_id': ['52801213-d525-4b90-804f-fe98bdbba929'], 'period_start': ['2025-09-29T00:00:00.000Z'], 'period_end': ['2025-10-06T00:00:00.000Z']}>
Initial query count: 1
After room_id filter (52801213-d525-4b90-804f-fe98bdbba929): 1
All matching EnergySummaries: []
Calculated total_cost=0.21000000000000002, total_energy=0.021, effective_rate=10.0, currency=PHP for 1 summaries
Latest sensor data requested
Returning 4 sensor readings
Latest sensor data requested
Returning 4 sensor readings
Latest sensor data requested
Returning 4 sensor readings
Latest sensor data requested
Returning 4 sensor readings
Latest sensor data requested
Returning 4 sensor readings
Latest sensor data requested
Returning 4 sensor readings
Energy cost calculation requested with params: <QueryDict: {'period_type': ['weekly'], 'room_id': ['52801213-d525-4b90-804f-fe98bdbba929'], 'period_start': ['2025-09-29T00:00:00.000Z'], 'period_end': ['2025-10-06T00:00:00.000Z']}>
Initial query count: 1
After room_id filter (52801213-d525-4b90-804f-fe98bdbba929): 1
All matching EnergySummaries: []
Calculated total_cost=0.21000000000000002, total_energy=0.021, effective_rate=10.0, currency=PHP for 1 summaries
Latest sensor data requested
Returning 4 sensor readings
Energy cost calculation requested with params: <QueryDict: {'period_type': ['daily'], 'period_start': ['2025-10-06T00:00:00.000Z'], 'period_end': ['2025-10-06T23:59:59.000Z']}>
Initial query count: 0
All matching EnergySummaries: []
No daily energy summaries found for criteria: room_id=None, equipment_id=None, component_id=None, period_start=2025-10-06T00:00:00+00:00, period_end=2025-10-07T00:00:00+00:00
Latest sensor data requested
Returning 4 sensor readings
Latest sensor data requested
Returning 4 sensor readings
Energy cost calculation requested with params: <QueryDict: {'period_type': ['weekly'], 'room_id': ['73d9804c-f81a-404d-a92f-b8c1b7438c68'], 'period_start': ['2025-09-29T00:00:00.000Z'], 'period_end': ['2025-10-06T00:00:00.000Z']}>
Initial query count: 1
After room_id filter (73d9804c-f81a-404d-a92f-b8c1b7438c68): 0
All matching EnergySummaries: []
No daily energy summaries found for criteria: room_id=73d9804c-f81a-404d-a92f-b8c1b7438c68, equipment_id=None, component_id=None, period_start=2025-09-29T00:00:00+00:00, period_end=2025-10-06T00:00:01+00:00
Latest sensor data requested
Returning 4 sensor readings
Energy cost calculation requested with params: <QueryDict: {'period_type': ['weekly'], 'room_id': ['73d9804c-f81a-404d-a92f-b8c1b7438c68'], 'period_start': ['2025-09-29T00:00:00.000Z'], 'period_end': ['2025-10-06T00:00:00.000Z']}>
Initial query count: 1
After room_id filter (73d9804c-f81a-404d-a92f-b8c1b7438c68): 0
All matching EnergySummaries: []
No daily energy summaries found for criteria: room_id=73d9804c-f81a-404d-a92f-b8c1b7438c68, equipment_id=None, component_id=None, period_start=2025-09-29T00:00:00+00:00, period_end=2025-10-06T00:00:01+00:00
Latest sensor data requested
Returning 4 sensor readings
Latest sensor data requested
Returning 4 sensor readings
Latest sensor data requested
Returning 4 sensor readings
Energy cost calculation requested with params: <QueryDict: {'period_type': ['daily'], 'period_start': ['2025-10-06T00:00:00.000Z'], 'period_end': ['2025-10-06T23:59:59.000Z']}>
Initial query count: 0
All matching EnergySummaries: []
No daily energy summaries found for criteria: room_id=None, equipment_id=None, component_id=None, period_start=2025-10-06T00:00:00+00:00, period_end=2025-10-07T00:00:00+00:00
Latest sensor data requested
Returning 4 sensor readings
Energy cost calculation requested with params: <QueryDict: {'period_type': ['weekly'], 'room_id': ['73d9804c-f81a-404d-a92f-b8c1b7438c68'], 'period_start': ['2025-09-29T00:00:00.000Z'], 'period_end': ['2025-10-06T00:00:00.000Z']}>
Initial query count: 1
After room_id filter (73d9804c-f81a-404d-a92f-b8c1b7438c68): 0
All matching EnergySummaries: []
No daily energy summaries found for criteria: room_id=73d9804c-f81a-404d-a92f-b8c1b7438c68, equipment_id=None, component_id=None, period_start=2025-09-29T00:00:00+00:00, period_end=2025-10-06T00:00:01+00:00
Latest sensor data requested
Returning 4 sensor readings
Energy cost calculation requested with params: <QueryDict: {'period_type': ['weekly'], 'room_id': ['52801213-d525-4b90-804f-fe98bdbba929'], 'period_start': ['2025-09-29T00:00:00.000Z'], 'period_end': ['2025-10-06T00:00:00.000Z']}>
Initial query count: 1
After room_id filter (52801213-d525-4b90-804f-fe98bdbba929): 1
All matching EnergySummaries: []
Calculated total_cost=0.21000000000000002, total_energy=0.021, effective_rate=10.0, currency=PHP for 1 summaries
Latest sensor data requested
Returning 4 sensor readings
Energy cost calculation requested with params: <QueryDict: {'period_type': ['monthly'], 'room_id': ['52801213-d525-4b90-804f-fe98bdbba929'], 'period_start': ['2025-09-06T00:00:00.000Z'], 'period_end': ['2025-10-06T00:00:00.000Z']}>
Initial query count: 2
After room_id filter (52801213-d525-4b90-804f-fe98bdbba929): 2
All matching EnergySummaries: []
No billing rate found for room Server Room A on 2025-09-26 00:00:00+00:00
Calculated total_cost=0.24000000000000002, total_energy=0.024, effective_rate=10.0, currency=PHP for 2 summaries
Latest sensor data requested
Returning 4 sensor readings
Latest sensor data requested
Returning 4 sensor readings
Latest sensor data requested
Returning 4 sensor readings
Latest sensor data requested
Returning 4 sensor readings
Latest sensor data requested
Returning 4 sensor readings
Energy cost calculation requested with params: <QueryDict: {'period_type': ['daily'], 'period_start': ['2025-10-06T00:00:00.000Z'], 'period_end': ['2025-10-06T23:59:59.000Z']}>
Initial query count: 0
All matching EnergySummaries: []
No daily energy summaries found for criteria: room_id=None, equipment_id=None, component_id=None, period_start=2025-10-06T00:00:00+00:00, period_end=2025-10-07T00:00:00+00:00
Latest sensor data requested
Returning 4 sensor readings
Energy cost calculation requested with params: <QueryDict: {'period_type': ['daily'], 'room_id': ['73d9804c-f81a-404d-a92f-b8c1b7438c68'], 'period_start': ['2025-10-06T00:00:00.000Z'], 'period_end': ['2025-10-06T23:59:59.000Z']}>
Initial query count: 0
After room_id filter (73d9804c-f81a-404d-a92f-b8c1b7438c68): 0
All matching EnergySummaries: []
No daily energy summaries found for criteria: room_id=73d9804c-f81a-404d-a92f-b8c1b7438c68, equipment_id=None, component_id=None, period_start=2025-10-06T00:00:00+00:00, period_end=2025-10-07T00:00:00+00:00
Latest sensor data requested
Returning 4 sensor readings
Latest sensor data requested
Returning 4 sensor readings
Latest sensor data requested
Returning 4 sensor readings
Latest sensor data requested
Returning 4 sensor readings
Latest sensor data requested
Returning 4 sensor readings
Latest sensor data requested
Returning 4 sensor readings
Latest sensor data requested
Returning 4 sensor readings
Latest sensor data requested
Returning 4 sensor readings
Latest sensor data requested
Returning 4 sensor readings
Latest sensor data requested
Returning 4 sensor readings
Latest sensor data requested
Returning 4 sensor readings
Latest sensor data requested
Returning 4 sensor readings
Latest sensor data requested
Returning 4 sensor readings
Latest sensor data requested
Returning 4 sensor readings
Latest sensor data requested
Returning 4 sensor readings
Latest sensor data requested
Returning 4 sensor readings
Latest sensor data requested
Returning 4 sensor readings
Latest sensor data requested
Returning 4 sensor readings
Latest sensor data requested
Returning 4 sensor readings
Latest sensor data requested
Returning 4 sensor readings
Latest sensor data requested
Returning 4 sensor readings
Latest sensor data requested
Returning 4 sensor readings
Latest sensor data requested
Returning 4 sensor readings
Latest sensor data requested
Returning 4 sensor readings
Latest sensor data requested
Returning 4 sensor readings
Latest sensor data requested
Returning 4 sensor readings
Latest sensor data requested
Returning 4 sensor readings
Latest sensor data requested
Returning 4 sensor readings
Latest sensor data requested
Returning 4 sensor readings
Latest sensor data requested
Returning 4 sensor readings
Latest sensor data requested
Returning 4 sensor readings
Latest sensor data requested
Returning 4 sensor readings
Latest sensor data requested
Returning 4 sensor readings
Latest sensor data requested
Returning 4 sensor readings
Latest sensor data requested
Returning 4 sensor readings
Latest sensor data requested
Returning 4 sensor readings
Latest sensor data requested
Returning 4 sensor readings
Latest sensor data requested
Returning 4 sensor readings
Latest sensor data requested
Returning 4 sensor readings
Latest sensor data requested
Returning 4 sensor readings
Latest sensor data requested
Returning 4 sensor readings
Latest sensor data requested
Returning 4 sensor readings
Latest sensor data requested
Returning 4 sensor readings
Latest sensor data requested
Returning 4 sensor readings
Latest sensor data requested
Returning 4 sensor readings
Latest sensor data requested
Returning 4 sensor readings
Latest sensor data requested
Returning 4 sensor readings
Latest sensor data requested
Returning 4 sensor readings
Latest sensor data requested
Returning 4 sensor readings
Latest sensor data requested
Returning 4 sensor readings
Latest sensor data requested
Returning 4 sensor readings
Latest sensor data requested
Returning 4 sensor readings
Latest sensor data requested
Returning 4 sensor readings
Latest sensor data requested
Returning 4 sensor readings
Latest sensor data requested
Returning 4 sensor readings
Latest sensor data requested
Returning 4 sensor readings
Latest sensor data requested
Returning 4 sensor readings
Latest sensor data requested
Returning 4 sensor readings
Latest sensor data requested
Returning 4 sensor readings
Latest sensor data requested
Returning 4 sensor readings
Latest sensor data requested
Returning 4 sensor readings
Latest sensor data requested
Returning 4 sensor readings
Latest sensor data requested
Returning 4 sensor readings
Latest sensor data requested
Returning 4 sensor readings
Latest sensor data requested
Returning 4 sensor readings
Latest sensor data requested
Returning 4 sensor readings
Latest sensor data requested
Returning 4 sensor readings
Latest sensor data requested
Returning 4 sensor readings
Latest sensor data requested
Returning 4 sensor readings
Latest sensor data requested
Returning 4 sensor readings
Latest sensor data requested
Returning 4 sensor readings
Latest sensor data requested
Returning 4 sensor readings
Latest sensor data requested
Returning 4 sensor readings
Latest sensor data requested
Returning 4 sensor readings
Latest sensor data requested
Returning 4 sensor readings
Latest sensor data requested
Returning 4 sensor readings
Latest sensor data requested
Returning 4 sensor readings
Latest sensor data requested
Returning 4 sensor readings
Latest sensor data requested
Returning 4 sensor readings
Latest sensor data requested
Returning 4 sensor readings
Latest sensor data requested
Returning 4 sensor readings
Latest sensor data requested
Returning 4 sensor readings
Latest sensor data requested
Returning 4 sensor readings
Latest sensor data requested
Returning 4 sensor readings
Latest sensor data requested
Returning 4 sensor readings
Energy cost calculation requested with params: <QueryDict: {'period_type': ['daily'], 'period_start': ['2025-10-06T00:00:00.000Z'], 'period_end': ['2025-10-06T23:59:59.000Z']}>
Initial query count: 0
All matching EnergySummaries: []
No daily energy summaries found for criteria: room_id=None, equipment_id=None, component_id=None, period_start=2025-10-06T00:00:00+00:00, period_end=2025-10-07T00:00:00+00:00
Latest sensor data requested
Returning 4 sensor readings
Energy cost calculation requested with params: <QueryDict: {'period_type': ['daily'], 'room_id': ['73d9804c-f81a-404d-a92f-b8c1b7438c68'], 'period_start': ['2025-10-06T00:00:00.000Z'], 'period_end': ['2025-10-06T23:59:59.000Z']}>
Initial query count: 0
After room_id filter (73d9804c-f81a-404d-a92f-b8c1b7438c68): 0
All matching EnergySummaries: []
No daily energy summaries found for criteria: room_id=73d9804c-f81a-404d-a92f-b8c1b7438c68, equipment_id=None, component_id=None, period_start=2025-10-06T00:00:00+00:00, period_end=2025-10-07T00:00:00+00:00
Latest sensor data requested
Returning 4 sensor readings
Latest sensor data requested
Returning 4 sensor readings
Successfully imported core.views.signals
Successfully imported core.views.signals
Successfully imported core.views.signals
Profile created for user AceAdmin (ID: 5e40e62e-0308-443b-92c4-826a9fab7131) on token obtain
Latest sensor data requested
Returning 4 sensor readings
Energy cost calculation requested with params: <QueryDict: {'period_type': ['daily'], 'period_start': ['2025-10-06T00:00:00.000Z'], 'period_end': ['2025-10-06T23:59:59.000Z']}>
Initial query count: 0
All matching EnergySummaries: []
No daily energy summaries found for criteria: room_id=None, equipment_id=None, component_id=None, period_start=2025-10-06T00:00:00+00:00, period_end=2025-10-07T00:00:00+00:00
Latest sensor data requested
Returning 4 sensor readings
Latest sensor data requested
Returning 4 sensor readings
Latest sensor data requested
Returning 4 sensor readings
Profile updated for user AceAdmin
Latest sensor data requested
Returning 4 sensor readings
Profile updated for user AceAdmin
Latest sensor data requested
Returning 4 sensor readings
Latest sensor data requested
Returning 4 sensor readings
Latest sensor data requested
Returning 4 sensor readings
Latest sensor data requested
Returning 4 sensor readings
Latest sensor data requested
Returning 4 sensor readings
Latest sensor data requested
Returning 4 sensor readings
Latest sensor data requested
Returning 4 sensor readings
Latest sensor data requested
Returning 4 sensor readings
Latest sensor data requested
Returning 4 sensor readings
Latest sensor data requested
Returning 4 sensor readings
Latest sensor data requested
Returning 4 sensor readings
Latest sensor data requested
Returning 4 sensor readings
Latest sensor data requested
Returning 4 sensor readings
Latest sensor data requested
Returning 4 sensor readings
Latest sensor data requested
Returning 4 sensor readings
Latest sensor data requested
Returning 4 sensor readings
Latest sensor data requested
Returning 4 sensor readings
Latest sensor data requested
Returning 4 sensor readings
Latest sensor data requested
Returning 4 sensor readings
Latest sensor data requested
Returning 4 sensor readings
Latest sensor data requested
Returning 4 sensor readings
Latest sensor data requested
Returning 4 sensor readings
Latest sensor data requested
Returning 4 sensor readings
Latest sensor data requested
Returning 4 sensor readings
Latest sensor data requested
Returning 4 sensor readings
Latest sensor data requested
Returning 4 sensor readings
Latest sensor data requested
Returning 4 sensor readings
Latest sensor data requested
Returning 4 sensor readings
Latest sensor data requested
Returning 4 sensor readings
Latest sensor data requested
Returning 4 sensor readings
Latest sensor data requested
Returning 4 sensor readings
Latest sensor data requested
Returning 4 sensor readings
Latest sensor data requested
Returning 4 sensor readings
Latest sensor data requested
Returning 4 sensor readings
Latest sensor data requested
Returning 4 sensor readings
Latest sensor data requested
Returning 4 sensor readings
Latest sensor data requested
Returning 4 sensor readings
Latest sensor data requested
Returning 4 sensor readings
Latest sensor data requested
Returning 4 sensor readings
Latest sensor data requested
Returning 4 sensor readings
Latest sensor data requested
Returning 4 sensor readings
Successfully imported core.views.signals
Successfully imported core.views.signals
Latest sensor data requested
Returning 4 sensor readings
Energy cost calculation requested with params: <QueryDict: {'period_type': ['daily'], 'period_start': ['2025-10-06T00:00:00.000Z'], 'period_end': ['2025-10-06T23:59:59.000Z']}>
Initial query count: 0
All matching EnergySummaries: []
No daily energy summaries found for criteria: room_id=None, equipment_id=None, component_id=None, period_start=2025-10-06T00:00:00+00:00, period_end=2025-10-07T00:00:00+00:00
Latest sensor data requested
Returning 4 sensor readings
Energy cost calculation requested with params: <QueryDict: {'period_type': ['daily'], 'room_id': ['52801213-d525-4b90-804f-fe98bdbba929'], 'period_start': ['2025-10-06T00:00:00.000Z'], 'period_end': ['2025-10-06T23:59:59.000Z']}>
Initial query count: 0
After room_id filter (52801213-d525-4b90-804f-fe98bdbba929): 0
All matching EnergySummaries: []
No daily energy summaries found for criteria: room_id=52801213-d525-4b90-804f-fe98bdbba929, equipment_id=None, component_id=None, period_start=2025-10-06T00:00:00+00:00, period_end=2025-10-07T00:00:00+00:00
Latest sensor data requested
Returning 4 sensor readings
Latest sensor data requested
Returning 4 sensor readings
Energy cost calculation requested with params: <QueryDict: {'period_type': ['weekly'], 'room_id': ['52801213-d525-4b90-804f-fe98bdbba929'], 'period_start': ['2025-09-29T00:00:00.000Z'], 'period_end': ['2025-10-06T00:00:00.000Z']}>
Initial query count: 1
After room_id filter (52801213-d525-4b90-804f-fe98bdbba929): 1
All matching EnergySummaries: []
Calculated total_cost=0.21000000000000002, total_energy=0.021, effective_rate=10.0, currency=PHP for 1 summaries
Latest sensor data requested
Returning 4 sensor readings
Energy cost calculation requested with params: <QueryDict: {'period_type': ['monthly'], 'room_id': ['52801213-d525-4b90-804f-fe98bdbba929'], 'period_start': ['2025-09-06T00:00:00.000Z'], 'period_end': ['2025-10-06T00:00:00.000Z']}>
Initial query count: 2
After room_id filter (52801213-d525-4b90-804f-fe98bdbba929): 2
All matching EnergySummaries: []
No billing rate found for room Server Room A on 2025-09-26 00:00:00+00:00
Calculated total_cost=0.24000000000000002, total_energy=0.024, effective_rate=10.0, currency=PHP for 2 summaries
Latest sensor data requested
Returning 4 sensor readings
Latest sensor data requested
Returning 4 sensor readings
Latest sensor data requested
Returning 4 sensor readings
Latest sensor data requested
Returning 4 sensor readings
Energy cost calculation requested with params: <QueryDict: {'period_type': ['daily'], 'period_start': ['2025-10-06T00:00:00.000Z'], 'period_end': ['2025-10-06T23:59:59.000Z']}>
Initial query count: 0
All matching EnergySummaries: []
No daily energy summaries found for criteria: room_id=None, equipment_id=None, component_id=None, period_start=2025-10-06T00:00:00+00:00, period_end=2025-10-07T00:00:00+00:00
Latest sensor data requested
Returning 4 sensor readings
Latest sensor data requested
Returning 4 sensor readings
Latest sensor data requested
Returning 4 sensor readings
Latest sensor data requested
Returning 4 sensor readings
Latest sensor data requested
Returning 4 sensor readings
Latest sensor data requested
Returning 4 sensor readings
Notification 5f96663c-8a2a-4e5b-999d-db8618f0c493 deleted by AceAdmin (User ID: 5e40e62e-0308-443b-92c4-826a9fab7131)
Latest sensor data requested
Returning 4 sensor readings
Energy cost calculation requested with params: <QueryDict: {'period_type': ['daily'], 'period_start': ['2025-10-06T00:00:00.000Z'], 'period_end': ['2025-10-06T23:59:59.000Z']}>
Initial query count: 0
All matching EnergySummaries: []
No daily energy summaries found for criteria: room_id=None, equipment_id=None, component_id=None, period_start=2025-10-06T00:00:00+00:00, period_end=2025-10-07T00:00:00+00:00
Latest sensor data requested
Returning 4 sensor readings
Latest sensor data requested
Returning 4 sensor readings
Energy cost calculation requested with params: <QueryDict: {'period_type': ['daily'], 'room_id': ['73d9804c-f81a-404d-a92f-b8c1b7438c68'], 'period_start': ['2025-10-06T00:00:00.000Z'], 'period_end': ['2025-10-06T23:59:59.000Z']}>
Initial query count: 0
After room_id filter (73d9804c-f81a-404d-a92f-b8c1b7438c68): 0
All matching EnergySummaries: []
No daily energy summaries found for criteria: room_id=73d9804c-f81a-404d-a92f-b8c1b7438c68, equipment_id=None, component_id=None, period_start=2025-10-06T00:00:00+00:00, period_end=2025-10-07T00:00:00+00:00
Latest sensor data requested
Returning 4 sensor readings
Latest sensor data requested
Returning 4 sensor readings
Latest sensor data requested
Returning 4 sensor readings
Latest sensor data requested
Returning 4 sensor readings
Latest sensor data requested
Returning 4 sensor readings
Energy cost calculation requested with params: <QueryDict: {'period_type': ['daily'], 'period_start': ['2025-10-06T00:00:00.000Z'], 'period_end': ['2025-10-06T23:59:59.000Z']}>
Initial query count: 0
All matching EnergySummaries: []
No daily energy summaries found for criteria: room_id=None, equipment_id=None, component_id=None, period_start=2025-10-06T00:00:00+00:00, period_end=2025-10-07T00:00:00+00:00
Latest sensor data requested
Returning 4 sensor readings
Latest sensor data requested
Returning 4 sensor readings
Latest sensor data requested
Returning 4 sensor readings
Latest sensor data requested
Returning 4 sensor readings
Latest sensor data requested
Returning 4 sensor readings
Latest sensor data requested
Returning 4 sensor readings
Latest sensor data requested
Returning 4 sensor readings
Latest sensor data requested
Returning 4 sensor readings
Latest sensor data requested
Returning 4 sensor readings
Latest sensor data requested
Returning 4 sensor readings
Latest sensor data requested
Returning 4 sensor readings
Latest sensor data requested
Returning 4 sensor readings
Latest sensor data requested
Returning 4 sensor readings
Latest sensor data requested
Returning 4 sensor readings
Latest sensor data requested
Returning 4 sensor readings
Latest sensor data requested
Returning 4 sensor readings
Latest sensor data requested
Returning 4 sensor readings
Latest sensor data requested
Returning 4 sensor readings
Latest sensor data requested
Returning 4 sensor readings
Latest sensor data requested
Returning 4 sensor readings
Latest sensor data requested
Returning 4 sensor readings
Latest sensor data requested
Returning 4 sensor readings
Latest sensor data requested
Returning 4 sensor readings
Latest sensor data requested
Returning 4 sensor readings
Latest sensor data requested
Returning 4 sensor readings
Latest sensor data requested
Returning 4 sensor readings
Latest sensor data requested
Returning 4 sensor readings
Latest sensor data requested
Returning 4 sensor readings
Latest sensor data requested
Returning 4 sensor readings
Latest sensor data requested
Returning 4 sensor readings
Profile updated for user AceAdmin
Latest sensor data requested
Returning 4 sensor readings
Latest sensor data requested
Returning 4 sensor readings
Energy cost calculation requested with params: <QueryDict: {'period_type': ['daily'], 'period_start': ['2025-10-06T00:00:00.000Z'], 'period_end': ['2025-10-06T23:59:59.000Z']}>
Initial query count: 0
All matching EnergySummaries: []
No daily energy summaries found for criteria: room_id=None, equipment_id=None, component_id=None, period_start=2025-10-06T00:00:00+00:00, period_end=2025-10-07T00:00:00+00:00
Latest sensor data requested
Returning 4 sensor readings
Latest sensor data requested
Returning 4 sensor readings
Latest sensor data requested
Returning 4 sensor readings
Latest sensor data requested
Returning 4 sensor readings
Latest sensor data requested
Returning 4 sensor readings
Energy cost calculation requested with params: <QueryDict: {'period_type': ['daily'], 'period_start': ['2025-10-06T00:00:00.000Z'], 'period_end': ['2025-10-06T23:59:59.000Z']}>
Initial query count: 0
All matching EnergySummaries: []
No daily energy summaries found for criteria: room_id=None, equipment_id=None, component_id=None, period_start=2025-10-06T00:00:00+00:00, period_end=2025-10-07T00:00:00+00:00
Latest sensor data requested
Returning 4 sensor readings
Latest sensor data requested
Returning 4 sensor readings
Energy cost calculation requested with params: <QueryDict: {'period_type': ['weekly'], 'room_id': ['73d9804c-f81a-404d-a92f-b8c1b7438c68'], 'period_start': ['2025-09-29T00:00:00.000Z'], 'period_end': ['2025-10-06T00:00:00.000Z']}>
Initial query count: 1
After room_id filter (73d9804c-f81a-404d-a92f-b8c1b7438c68): 0
All matching EnergySummaries: []
No daily energy summaries found for criteria: room_id=73d9804c-f81a-404d-a92f-b8c1b7438c68, equipment_id=None, component_id=None, period_start=2025-09-29T00:00:00+00:00, period_end=2025-10-06T00:00:01+00:00
Latest sensor data requested
Returning 4 sensor readings
Latest sensor data requested
Returning 4 sensor readings
Energy cost calculation requested with params: <QueryDict: {'period_type': ['weekly'], 'room_id': ['52801213-d525-4b90-804f-fe98bdbba929'], 'period_start': ['2025-09-29T00:00:00.000Z'], 'period_end': ['2025-10-06T00:00:00.000Z']}>
Initial query count: 1
After room_id filter (52801213-d525-4b90-804f-fe98bdbba929): 1
All matching EnergySummaries: []
Calculated total_cost=0.21000000000000002, total_energy=0.021, effective_rate=10.0, currency=PHP for 1 summaries
Latest sensor data requested
Returning 4 sensor readings
Latest sensor data requested
Returning 4 sensor readings
Latest sensor data requested
Returning 4 sensor readings
Latest sensor data requested
Returning 4 sensor readings
Latest sensor data requested
Returning 4 sensor readings
Latest sensor data requested
Returning 4 sensor readings
Latest sensor data requested
Returning 4 sensor readings
Latest sensor data requested
Returning 4 sensor readings
Latest sensor data requested
Returning 4 sensor readings
Latest sensor data requested
Returning 4 sensor readings
Latest sensor data requested
Returning 4 sensor readings
Latest sensor data requested
Returning 4 sensor readings
Latest sensor data requested
Returning 4 sensor readings
Latest sensor data requested
Returning 4 sensor readings
Latest sensor data requested
Returning 4 sensor readings
Latest sensor data requested
Returning 4 sensor readings
Latest sensor data requested
Returning 4 sensor readings
Latest sensor data requested
Returning 4 sensor readings
Latest sensor data requested
Returning 4 sensor readings
Latest sensor data requested
Returning 4 sensor readings
Latest sensor data requested
Returning 4 sensor readings
Latest sensor data requested
Returning 4 sensor readings
Latest sensor data requested
Returning 4 sensor readings
Latest sensor data requested
Returning 4 sensor readings
Latest sensor data requested
Returning 4 sensor readings
Latest sensor data requested
Returning 4 sensor readings
Latest sensor data requested
Returning 4 sensor readings
Latest sensor data requested
Returning 4 sensor readings
Latest sensor data requested
Returning 4 sensor readings
Latest sensor data requested
Returning 4 sensor readings
Latest sensor data requested
Returning 4 sensor readings
Latest sensor data requested
Returning 4 sensor readings
Latest sensor data requested
Returning 4 sensor readings
Latest sensor data requested
Returning 4 sensor readings
Latest sensor data requested
Returning 4 sensor readings
Latest sensor data requested
Returning 4 sensor readings
Latest sensor data requested
Returning 4 sensor readings
Latest sensor data requested
Returning 4 sensor readings
Latest sensor data requested
Returning 4 sensor readings
Latest sensor data requested
Returning 4 sensor readings
Latest sensor data requested
Returning 4 sensor readings
Latest sensor data requested
Returning 4 sensor readings
Latest sensor data requested
Returning 4 sensor readings
Latest sensor data requested
Returning 4 sensor readings
Latest sensor data requested
Returning 4 sensor readings
Latest sensor data requested
Returning 4 sensor readings
Latest sensor data requested
Returning 4 sensor readings
Latest sensor data requested
Returning 4 sensor readings
Latest sensor data requested
Returning 4 sensor readings
Latest sensor data requested
Returning 4 sensor readings
Latest sensor data requested
Returning 4 sensor readings
Latest sensor data requested
Returning 4 sensor readings
Latest sensor data requested
Returning 4 sensor readings
Latest sensor data requested
Returning 4 sensor readings
Latest sensor data requested
Returning 4 sensor readings
Latest sensor data requested
Returning 4 sensor readings
Latest sensor data requested
Returning 4 sensor readings
Latest sensor data requested
Returning 4 sensor readings
Latest sensor data requested
Returning 4 sensor readings
Latest sensor data requested
Returning 4 sensor readings
Latest sensor data requested
Returning 4 sensor readings
Latest sensor data requested
Returning 4 sensor readings
Latest sensor data requested
Returning 4 sensor readings
Latest sensor data requested
Returning 4 sensor readings
Latest sensor data requested
Returning 4 sensor readings
Latest sensor data requested
Returning 4 sensor readings
Latest sensor data requested
Returning 4 sensor readings
Latest sensor data requested
Returning 4 sensor readings
Latest sensor data requested
Returning 4 sensor readings
Latest sensor data requested
Returning 4 sensor readings
Latest sensor data requested
Returning 4 sensor readings
Latest sensor data requested
Returning 4 sensor readings
Latest sensor data requested
Returning 4 sensor readings
Latest sensor data requested
Returning 4 sensor readings
Latest sensor data requested
Returning 4 sensor readings
Latest sensor data requested
Returning 4 sensor readings
Latest sensor data requested
Returning 4 sensor readings
Latest sensor data requested
Returning 4 sensor readings
Latest sensor data requested
Returning 4 sensor readings
Latest sensor data requested
Returning 4 sensor readings
Latest sensor data requested
Returning 4 sensor readings
Latest sensor data requested
Returning 4 sensor readings
Latest sensor data requested
Returning 4 sensor readings
Latest sensor data requested
Returning 4 sensor readings
Latest sensor data requested
Returning 4 sensor readings
Latest sensor data requested
Returning 4 sensor readings
Latest sensor data requested
Returning 4 sensor readings
Successfully imported core.views.signals
Latest sensor data requested
Returning 4 sensor readings
Latest sensor data requested
Returning 4 sensor readings
Latest sensor data requested
Returning 4 sensor readings
Latest sensor data requested
Returning 4 sensor readings
Successfully imported core.views.signals
Successfully imported core.views.signals
Successfully imported core.views.signals
Successfully imported core.views.signals
Latest sensor data requested
Returning 4 sensor readings
Latest sensor data requested
Returning 4 sensor readings
Latest sensor data requested
Returning 4 sensor readings
Latest sensor data requested
Returning 4 sensor readings
Latest sensor data requested
Returning 4 sensor readings
Latest sensor data requested
Returning 4 sensor readings
Latest sensor data requested
Returning 4 sensor readings
Latest sensor data requested
Returning 4 sensor readings
Latest sensor data requested
Returning 4 sensor readings
Latest sensor data requested
Returning 4 sensor readings
Latest sensor data requested
Returning 4 sensor readings
Latest sensor data requested
Returning 4 sensor readings
Latest sensor data requested
Returning 4 sensor readings
Latest sensor data requested
Returning 4 sensor readings
Latest sensor data requested
Returning 4 sensor readings
Latest sensor data requested
Returning 4 sensor readings
Latest sensor data requested
Returning 4 sensor readings
Latest sensor data requested
Returning 4 sensor readings
Latest sensor data requested
Returning 4 sensor readings
Latest sensor data requested
Returning 4 sensor readings
Latest sensor data requested
Returning 4 sensor readings
Latest sensor data requested
Returning 4 sensor readings
Latest sensor data requested
Returning 4 sensor readings
Latest sensor data requested
Returning 4 sensor readings
Latest sensor data requested
Returning 4 sensor readings
Latest sensor data requested
Returning 4 sensor readings
Latest sensor data requested
Returning 4 sensor readings
Latest sensor data requested
Returning 4 sensor readings
Latest sensor data requested
Returning 4 sensor readings
Latest sensor data requested
Returning 4 sensor readings
Latest sensor data requested
Returning 4 sensor readings
Latest sensor data requested
Returning 4 sensor readings
Latest sensor data requested
Returning 4 sensor readings
Latest sensor data requested
Returning 4 sensor readings
Latest sensor data requested
Returning 4 sensor readings
Latest sensor data requested
Returning 4 sensor readings
Latest sensor data requested
Returning 4 sensor readings
Latest sensor data requested
Returning 4 sensor readings
Latest sensor data requested
Returning 4 sensor readings
Latest sensor data requested
Returning 4 sensor readings
Latest sensor data requested
Returning 4 sensor readings
Latest sensor data requested
Returning 4 sensor readings
Latest sensor data requested
Returning 4 sensor readings
Latest sensor data requested
Returning 4 sensor readings
Latest sensor data requested
Returning 4 sensor readings
Latest sensor data requested
Returning 4 sensor readings
Latest sensor data requested
Returning 4 sensor readings
Latest sensor data requested
Returning 4 sensor readings
Latest sensor data requested
Returning 4 sensor readings
Latest sensor data requested
Returning 4 sensor readings
Latest sensor data requested
Returning 4 sensor readings
Latest sensor data requested
Returning 4 sensor readings
Latest sensor data requested
Returning 4 sensor readings
Latest sensor data requested
Returning 4 sensor readings
Latest sensor data requested
Returning 4 sensor readings
Latest sensor data requested
Returning 4 sensor readings
Latest sensor data requested
Returning 4 sensor readings
Latest sensor data requested
Returning 4 sensor readings
Latest sensor data requested
Returning 4 sensor readings
Latest sensor data requested
Returning 4 sensor readings
Latest sensor data requested
Returning 4 sensor readings
Latest sensor data requested
Returning 4 sensor readings
Latest sensor data requested
Returning 4 sensor readings
Latest sensor data requested
Returning 4 sensor readings
Latest sensor data requested
Returning 4 sensor readings
Latest sensor data requested
Returning 4 sensor readings
Latest sensor data requested
Returning 4 sensor readings
Latest sensor data requested
Returning 4 sensor readings
Latest sensor data requested
Returning 4 sensor readings
Latest sensor data requested
Returning 4 sensor readings
Latest sensor data requested
Returning 4 sensor readings
Profile updated for user AceAdmin
Latest sensor data requested
Returning 4 sensor readings
Latest sensor data requested
Returning 4 sensor readings
Latest sensor data requested
Returning 4 sensor readings
Attachment upload requested for maintenance request 39fa0d05-7d6c-4157-821f-b0aebf75bd91
In-app notification created for AceEmployee (ID: 948b0672-7362-42f6-b3d1-3dfa679f36d8, Type: maintenance_attachment_uploaded, User ID: 88bc738c-6d2e-42c5-99e4-cdf49cbdbaf0)
Failed to send notification to acedenulan20@gmail.com (Type: maintenance_attachment_uploaded, User ID: 88bc738c-6d2e-42c5-99e4-cdf49cbdbaf0): 'str' object has no attribute 'user'
Error uploading attachment: 'str' object has no attribute 'user'
Latest sensor data requested
Returning 4 sensor readings
Latest sensor data requested
Returning 4 sensor readings
Latest sensor data requested
Returning 4 sensor readings
Latest sensor data requested
Returning 4 sensor readings
Latest sensor data requested
Returning 4 sensor readings
Latest sensor data requested
Returning 4 sensor readings
Latest sensor data requested
Returning 4 sensor readings
Latest sensor data requested
Returning 4 sensor readings
Notification 948b0672-7362-42f6-b3d1-3dfa679f36d8 marked as read for AceAdmin (User ID: 5e40e62e-0308-443b-92c4-826a9fab7131)
Latest sensor data requested
Returning 4 sensor readings
Latest sensor data requested
Returning 4 sensor readings
Latest sensor data requested
Returning 4 sensor readings
Latest sensor data requested
Returning 4 sensor readings
Energy cost calculation requested with params: <QueryDict: {'period_type': ['daily'], 'period_start': ['2025-10-06T00:00:00.000Z'], 'period_end': ['2025-10-06T23:59:59.000Z']}>
Initial query count: 0
All matching EnergySummaries: []
No daily energy summaries found for criteria: room_id=None, equipment_id=None, component_id=None, period_start=2025-10-06T00:00:00+00:00, period_end=2025-10-07T00:00:00+00:00
Latest sensor data requested
Returning 4 sensor readings
Latest sensor data requested
Returning 4 sensor readings
Energy cost calculation requested with params: <QueryDict: {'period_type': ['daily'], 'room_id': ['73d9804c-f81a-404d-a92f-b8c1b7438c68'], 'period_start': ['2025-10-06T00:00:00.000Z'], 'period_end': ['2025-10-06T23:59:59.000Z']}>
Initial query count: 0
After room_id filter (73d9804c-f81a-404d-a92f-b8c1b7438c68): 0
All matching EnergySummaries: []
No daily energy summaries found for criteria: room_id=73d9804c-f81a-404d-a92f-b8c1b7438c68, equipment_id=None, component_id=None, period_start=2025-10-06T00:00:00+00:00, period_end=2025-10-07T00:00:00+00:00
Latest sensor data requested
Returning 4 sensor readings
Latest sensor data requested
Returning 4 sensor readings
Successfully imported core.views.signals
Successfully imported core.views.signals
Latest sensor data requested
Returning 4 sensor readings
Latest sensor data requested
Returning 4 sensor readings
Latest sensor data requested
Returning 4 sensor readings
Latest sensor data requested
Returning 4 sensor readings
Latest sensor data requested
Returning 4 sensor readings
Latest sensor data requested
Returning 4 sensor readings
Latest sensor data requested
Returning 4 sensor readings
Latest sensor data requested
Returning 4 sensor readings
Latest sensor data requested
Returning 4 sensor readings
Latest sensor data requested
Returning 4 sensor readings
Latest sensor data requested
Returning 4 sensor readings
Latest sensor data requested
Returning 4 sensor readings
Latest sensor data requested
Returning 4 sensor readings
Latest sensor data requested
Returning 4 sensor readings
Energy cost calculation requested with params: <QueryDict: {'period_type': ['daily'], 'period_start': ['2025-10-06T00:00:00.000Z'], 'period_end': ['2025-10-06T23:59:59.000Z']}>
Initial query count: 0
All matching EnergySummaries: []
No daily energy summaries found for criteria: room_id=None, equipment_id=None, component_id=None, period_start=2025-10-06T00:00:00+00:00, period_end=2025-10-07T00:00:00+00:00
Latest sensor data requested
Returning 4 sensor readings
Latest sensor data requested
Returning 4 sensor readings
Latest sensor data requested
Returning 4 sensor readings
Latest sensor data requested
Returning 4 sensor readings
Attachment upload requested for maintenance request 39fa0d05-7d6c-4157-821f-b0aebf75bd91
In-app notification created for AceEmployee (ID: 5570b6ea-6970-4b1f-ac02-192757771e3e, Type: maintenance_attachment_uploaded, User ID: 88bc738c-6d2e-42c5-99e4-cdf49cbdbaf0)
Failed to send notification to acedenulan20@gmail.com (Type: maintenance_attachment_uploaded, User ID: 88bc738c-6d2e-42c5-99e4-cdf49cbdbaf0): <lambda>() takes 3 positional arguments but 4 were given
Error uploading attachment: <lambda>() takes 3 positional arguments but 4 were given
Latest sensor data requested
Returning 4 sensor readings
Latest sensor data requested
Returning 4 sensor readings
Latest sensor data requested
Returning 4 sensor readings
Latest sensor data requested
Returning 4 sensor readings
Latest sensor data requested
Returning 4 sensor readings
Latest sensor data requested
Returning 4 sensor readings
Latest sensor data requested
Returning 4 sensor readings
Latest sensor data requested
Returning 4 sensor readings
Latest sensor data requested
Returning 4 sensor readings
Latest sensor data requested
Returning 4 sensor readings
Latest sensor data requested
Returning 4 sensor readings
Latest sensor data requested
Returning 4 sensor readings
Latest sensor data requested
Returning 4 sensor readings
Latest sensor data requested
Returning 4 sensor readings
Successfully imported core.views.signals
Latest sensor data requested
Returning 4 sensor readings
Attachment upload requested for maintenance request 39fa0d05-7d6c-4157-821f-b0aebf75bd91
Skipped duplicate notification for AceEmployee (Type: maintenance_attachment_uploaded, User ID: 88bc738c-6d2e-42c5-99e4-cdf49cbdbaf0)
In-app notification created for admin (ID: 64037634-3006-4ed6-be28-255c54d6374e, Type: maintenance_attachment_uploaded, User ID: fa5d4488-10d6-43c8-8afa-54c52649000a)
Email sent to example@gmail.com (Notification ID: 64037634-3006-4ed6-be28-255c54d6374e, Type: maintenance_attachment_uploaded, User ID: fa5d4488-10d6-43c8-8afa-54c52649000a)
In-app notification created for aceadmin (ID: f7ae2ddf-035e-48f5-8fc0-1147421b8447, Type: maintenance_attachment_uploaded, User ID: 46dd9e2d-a26b-4a1e-b464-a5cb87f34a60)
Email sent to aceadmin@example.com (Notification ID: f7ae2ddf-035e-48f5-8fc0-1147421b8447, Type: maintenance_attachment_uploaded, User ID: 46dd9e2d-a26b-4a1e-b464-a5cb87f34a60)
In-app notification created for sirTaposNaPo (ID: a97acd32-6a95-4d1a-a9e9-00fa11670b94, Type: maintenance_attachment_uploaded, User ID: 8c37211d-58b9-4ddb-b18e-da841a7d2b54)
Latest sensor data requested
Returning 4 sensor readings
Email sent to stnp@example.com (Notification ID: a97acd32-6a95-4d1a-a9e9-00fa11670b94, Type: maintenance_attachment_uploaded, User ID: 8c37211d-58b9-4ddb-b18e-da841a7d2b54)
In-app notification created for dummy (ID: dc1418f5-c29e-4b5e-ae33-4360fe85a54b, Type: maintenance_attachment_uploaded, User ID: 749b104b-1a2a-4d74-af0d-c245f3f7459b)
Email sent to dummy@example.com (Notification ID: dc1418f5-c29e-4b5e-ae33-4360fe85a54b, Type: maintenance_attachment_uploaded, User ID: 749b104b-1a2a-4d74-af0d-c245f3f7459b)
In-app notification created for AceAdmin (ID: 5441ea44-8221-4eb4-b67f-2dd4b3950db5, Type: maintenance_attachment_uploaded, User ID: 5e40e62e-0308-443b-92c4-826a9fab7131)
Email sent to acephilipgclass18@gmail.com (Notification ID: 5441ea44-8221-4eb4-b67f-2dd4b3950db5, Type: maintenance_attachment_uploaded, User ID: 5e40e62e-0308-443b-92c4-826a9fab7131)
Attachment uploaded: 04beadc6-1a21-4dcd-9bd4-532907a0063b for 39fa0d05-7d6c-4157-821f-b0aebf75bd91
Latest sensor data requested
Returning 4 sensor readings
Latest sensor data requested
Returning 4 sensor readings
Latest sensor data requested
Returning 4 sensor readings
Latest sensor data requested
Returning 4 sensor readings
Latest sensor data requested
Returning 4 sensor readings
Latest sensor data requested
Returning 4 sensor readings
Latest sensor data requested
Returning 4 sensor readings
Latest sensor data requested
Returning 4 sensor readings
Latest sensor data requested
Returning 4 sensor readings
Energy cost calculation requested with params: <QueryDict: {'period_type': ['daily'], 'period_start': ['2025-10-06T00:00:00.000Z'], 'period_end': ['2025-10-06T23:59:59.000Z']}>
Initial query count: 0
All matching EnergySummaries: []
No daily energy summaries found for criteria: room_id=None, equipment_id=None, component_id=None, period_start=2025-10-06T00:00:00+00:00, period_end=2025-10-07T00:00:00+00:00
Latest sensor data requested
Returning 4 sensor readings
Latest sensor data requested
Returning 4 sensor readings
Notification 5441ea44-8221-4eb4-b67f-2dd4b3950db5 marked as read for AceAdmin (User ID: 5e40e62e-0308-443b-92c4-826a9fab7131)
Latest sensor data requested
Returning 4 sensor readings
Latest sensor data requested
Returning 4 sensor readings
Latest sensor data requested
Returning 4 sensor readings
Attachment upload requested for maintenance request dd5ffd7b-8fed-441e-a67d-84886a5c4e5b
In-app notification created for AceEmployee (ID: b2273473-6ae3-4b15-bc57-ba78937c5dc1, Type: maintenance_attachment_uploaded, User ID: 88bc738c-6d2e-42c5-99e4-cdf49cbdbaf0)
Latest sensor data requested
Returning 4 sensor readings
Email sent to acedenulan20@gmail.com (Notification ID: b2273473-6ae3-4b15-bc57-ba78937c5dc1, Type: maintenance_attachment_uploaded, User ID: 88bc738c-6d2e-42c5-99e4-cdf49cbdbaf0)
Skipped duplicate notification for admin (Type: maintenance_attachment_uploaded, User ID: fa5d4488-10d6-43c8-8afa-54c52649000a)
Skipped duplicate notification for aceadmin (Type: maintenance_attachment_uploaded, User ID: 46dd9e2d-a26b-4a1e-b464-a5cb87f34a60)
Skipped duplicate notification for sirTaposNaPo (Type: maintenance_attachment_uploaded, User ID: 8c37211d-58b9-4ddb-b18e-da841a7d2b54)
Skipped duplicate notification for dummy (Type: maintenance_attachment_uploaded, User ID: 749b104b-1a2a-4d74-af0d-c245f3f7459b)
Skipped duplicate notification for AceAdmin (Type: maintenance_attachment_uploaded, User ID: 5e40e62e-0308-443b-92c4-826a9fab7131)
Attachment uploaded: aeee9ad0-470e-4cd0-aef0-5dd019b1fff8 for dd5ffd7b-8fed-441e-a67d-84886a5c4e5b
Latest sensor data requested
Returning 4 sensor readings
Latest sensor data requested
Returning 4 sensor readings
Latest sensor data requested
Returning 4 sensor readings
Latest sensor data requested
Returning 4 sensor readings
Latest sensor data requested
Returning 4 sensor readings
Latest sensor data requested
Returning 4 sensor readings
Latest sensor data requested
Returning 4 sensor readings
Latest sensor data requested
Returning 4 sensor readings
Latest sensor data requested
Returning 4 sensor readings
Latest sensor data requested
Returning 4 sensor readings
Latest sensor data requested
Returning 4 sensor readings
Energy cost calculation requested with params: <QueryDict: {'period_type': ['daily'], 'period_start': ['2025-10-06T00:00:00.000Z'], 'period_end': ['2025-10-06T23:59:59.000Z']}>
Initial query count: 0
All matching EnergySummaries: []
No daily energy summaries found for criteria: room_id=None, equipment_id=None, component_id=None, period_start=2025-10-06T00:00:00+00:00, period_end=2025-10-07T00:00:00+00:00
Latest sensor data requested
Latest sensor data requested
Returning 4 sensor readings
Returning 4 sensor readings
Energy cost calculation requested with params: <QueryDict: {'period_type': ['daily'], 'room_id': ['73d9804c-f81a-404d-a92f-b8c1b7438c68'], 'period_start': ['2025-10-06T00:00:00.000Z'], 'period_end': ['2025-10-06T23:59:59.000Z']}>
Initial query count: 0
After room_id filter (73d9804c-f81a-404d-a92f-b8c1b7438c68): 0
All matching EnergySummaries: []
No daily energy summaries found for criteria: room_id=73d9804c-f81a-404d-a92f-b8c1b7438c68, equipment_id=None, component_id=None, period_start=2025-10-06T00:00:00+00:00, period_end=2025-10-07T00:00:00+00:00
Latest sensor data requested
Returning 4 sensor readings
Latest sensor data requested
Returning 4 sensor readings
Latest sensor data requested
Returning 4 sensor readings
Latest sensor data requested
Returning 4 sensor readings
Latest sensor data requested
Returning 4 sensor readings
Latest sensor data requested
Returning 4 sensor readings
Latest sensor data requested
Returning 4 sensor readings
Latest sensor data requested
Returning 4 sensor readings
Latest sensor data requested
Returning 4 sensor readings
Latest sensor data requested
Returning 4 sensor readings
Latest sensor data requested
Returning 4 sensor readings
Latest sensor data requested
Returning 4 sensor readings
Latest sensor data requested
Returning 4 sensor readings
Latest sensor data requested
Returning 4 sensor readings
Latest sensor data requested
Returning 4 sensor readings
Latest sensor data requested
Returning 4 sensor readings
Latest sensor data requested
Returning 4 sensor readings
Latest sensor data requested
Returning 4 sensor readings
Latest sensor data requested
Returning 4 sensor readings
Latest sensor data requested
Returning 4 sensor readings
Latest sensor data requested
Returning 4 sensor readings
Latest sensor data requested
Returning 4 sensor readings
Latest sensor data requested
Returning 4 sensor readings
Latest sensor data requested
Returning 4 sensor readings
Latest sensor data requested
Returning 4 sensor readings
Latest sensor data requested
Returning 4 sensor readings
Latest sensor data requested
Returning 4 sensor readings
Latest sensor data requested
Returning 4 sensor readings
Latest sensor data requested
Returning 4 sensor readings
Latest sensor data requested
Returning 4 sensor readings
Latest sensor data requested
Returning 4 sensor readings
Latest sensor data requested
Returning 4 sensor readings
Latest sensor data requested
Returning 4 sensor readings
Latest sensor data requested
Returning 4 sensor readings
Latest sensor data requested
Returning 4 sensor readings
Latest sensor data requested
Returning 4 sensor readings
Latest sensor data requested
Returning 4 sensor readings
Latest sensor data requested
Returning 4 sensor readings
Latest sensor data requested
Returning 4 sensor readings
Latest sensor data requested
Returning 4 sensor readings
Latest sensor data requested
Returning 4 sensor readings
Latest sensor data requested
Returning 4 sensor readings
Latest sensor data requested
Returning 4 sensor readings
Latest sensor data requested
Returning 4 sensor readings
Latest sensor data requested
Returning 4 sensor readings
Latest sensor data requested
Returning 4 sensor readings
Latest sensor data requested
Returning 4 sensor readings
Latest sensor data requested
Returning 4 sensor readings
Latest sensor data requested
Returning 4 sensor readings
Latest sensor data requested
Returning 4 sensor readings
Latest sensor data requested
Returning 4 sensor readings
Latest sensor data requested
Returning 4 sensor readings
Latest sensor data requested
Returning 4 sensor readings
Latest sensor data requested
Returning 4 sensor readings
Latest sensor data requested
Returning 4 sensor readings
Latest sensor data requested
Returning 4 sensor readings
Latest sensor data requested
Returning 4 sensor readings
Latest sensor data requested
Returning 4 sensor readings
Latest sensor data requested
Returning 4 sensor readings
Latest sensor data requested
Returning 4 sensor readings
Latest sensor data requested
Returning 4 sensor readings
Latest sensor data requested
Returning 4 sensor readings
Latest sensor data requested
Returning 4 sensor readings
Latest sensor data requested
Returning 4 sensor readings
Latest sensor data requested
Returning 4 sensor readings
Latest sensor data requested
Returning 4 sensor readings
Latest sensor data requested
Returning 4 sensor readings
Latest sensor data requested
Returning 4 sensor readings
Latest sensor data requested
Returning 4 sensor readings
Latest sensor data requested
Returning 4 sensor readings
Latest sensor data requested
Returning 4 sensor readings
Latest sensor data requested
Returning 4 sensor readings
Latest sensor data requested
Returning 4 sensor readings
Latest sensor data requested
Returning 4 sensor readings
Latest sensor data requested
Returning 4 sensor readings
Latest sensor data requested
Returning 4 sensor readings
Latest sensor data requested
Returning 4 sensor readings
Latest sensor data requested
Returning 4 sensor readings
Latest sensor data requested
Returning 4 sensor readings
Latest sensor data requested
Returning 4 sensor readings
Latest sensor data requested
Returning 4 sensor readings
Latest sensor data requested
Returning 4 sensor readings
Latest sensor data requested
Returning 4 sensor readings
Latest sensor data requested
Returning 4 sensor readings
Latest sensor data requested
Returning 4 sensor readings
Latest sensor data requested
Returning 4 sensor readings
Energy cost calculation requested with params: <QueryDict: {'period_type': ['daily'], 'period_start': ['2025-10-06T00:00:00.000Z'], 'period_end': ['2025-10-06T23:59:59.000Z']}>
Initial query count: 0
All matching EnergySummaries: []
No daily energy summaries found for criteria: room_id=None, equipment_id=None, component_id=None, period_start=2025-10-06T00:00:00+00:00, period_end=2025-10-07T00:00:00+00:00
Latest sensor data requested
Returning 4 sensor readings
Latest sensor data requested
Returning 4 sensor readings
Energy cost calculation requested with params: <QueryDict: {'period_type': ['daily'], 'period_start': ['2025-10-06T00:00:00.000Z'], 'period_end': ['2025-10-06T23:59:59.000Z']}>
Initial query count: 0
All matching EnergySummaries: []
No daily energy summaries found for criteria: room_id=None, equipment_id=None, component_id=None, period_start=2025-10-06T00:00:00+00:00, period_end=2025-10-07T00:00:00+00:00
Latest sensor data requested
Returning 4 sensor readings
Energy cost calculation requested with params: <QueryDict: {'period_type': ['daily'], 'room_id': ['73d9804c-f81a-404d-a92f-b8c1b7438c68'], 'period_start': ['2025-10-06T00:00:00.000Z'], 'period_end': ['2025-10-06T23:59:59.000Z']}>
Initial query count: 0
After room_id filter (73d9804c-f81a-404d-a92f-b8c1b7438c68): 0
All matching EnergySummaries: []
No daily energy summaries found for criteria: room_id=73d9804c-f81a-404d-a92f-b8c1b7438c68, equipment_id=None, component_id=None, period_start=2025-10-06T00:00:00+00:00, period_end=2025-10-07T00:00:00+00:00
Latest sensor data requested
Returning 4 sensor readings
Latest sensor data requested
Returning 4 sensor readings
Latest sensor data requested
Returning 4 sensor readings
Latest sensor data requested
Returning 4 sensor readings
Latest sensor data requested
Returning 4 sensor readings
Latest sensor data requested
Returning 4 sensor readings
Latest sensor data requested
Returning 4 sensor readings
Latest sensor data requested
Returning 4 sensor readings
Latest sensor data requested
Returning 4 sensor readings
Latest sensor data requested
Returning 4 sensor readings
Latest sensor data requested
Returning 4 sensor readings
Latest sensor data requested
Returning 4 sensor readings
Latest sensor data requested
Returning 4 sensor readings
Latest sensor data requested
Returning 4 sensor readings
Latest sensor data requested
Returning 4 sensor readings
Latest sensor data requested
Returning 4 sensor readings
Latest sensor data requested
Returning 4 sensor readings
Latest sensor data requested
Returning 4 sensor readings
Latest sensor data requested
Returning 4 sensor readings
Latest sensor data requested
Returning 4 sensor readings
Latest sensor data requested
Returning 4 sensor readings
Latest sensor data requested
Returning 4 sensor readings
Latest sensor data requested
Returning 4 sensor readings
Latest sensor data requested
Returning 4 sensor readings
Latest sensor data requested
Returning 4 sensor readings
Latest sensor data requested
Returning 4 sensor readings
Latest sensor data requested
Returning 4 sensor readings
Latest sensor data requested
Returning 4 sensor readings
Latest sensor data requested
Returning 4 sensor readings
Latest sensor data requested
Returning 4 sensor readings
Latest sensor data requested
Returning 4 sensor readings
Latest sensor data requested
Returning 4 sensor readings
Latest sensor data requested
Returning 4 sensor readings
Latest sensor data requested
Returning 4 sensor readings
Latest sensor data requested
Returning 4 sensor readings
Latest sensor data requested
Returning 4 sensor readings
Latest sensor data requested
Returning 4 sensor readings
Energy cost calculation requested with params: <QueryDict: {'period_type': ['daily'], 'room_id': ['73d9804c-f81a-404d-a92f-b8c1b7438c68'], 'period_start': ['2025-10-06T00:00:00.000Z'], 'period_end': ['2025-10-06T23:59:59.000Z']}>
Initial query count: 0
After room_id filter (73d9804c-f81a-404d-a92f-b8c1b7438c68): 0
All matching EnergySummaries: []
No daily energy summaries found for criteria: room_id=73d9804c-f81a-404d-a92f-b8c1b7438c68, equipment_id=None, component_id=None, period_start=2025-10-06T00:00:00+00:00, period_end=2025-10-07T00:00:00+00:00
Latest sensor data requested
Returning 4 sensor readings
Latest sensor data requested
Returning 4 sensor readings
Latest sensor data requested
Returning 4 sensor readings
Energy cost calculation requested with params: <QueryDict: {'period_type': ['daily'], 'room_id': ['73d9804c-f81a-404d-a92f-b8c1b7438c68'], 'period_start': ['2025-10-06T00:00:00.000Z'], 'period_end': ['2025-10-06T23:59:59.000Z']}>
Initial query count: 0
After room_id filter (73d9804c-f81a-404d-a92f-b8c1b7438c68): 0
All matching EnergySummaries: []
No daily energy summaries found for criteria: room_id=73d9804c-f81a-404d-a92f-b8c1b7438c68, equipment_id=None, component_id=None, period_start=2025-10-06T00:00:00+00:00, period_end=2025-10-07T00:00:00+00:00
Latest sensor data requested
Returning 4 sensor readings
Latest sensor data requested
Returning 4 sensor readings
Latest sensor data requested
Returning 4 sensor readings
Successfully imported core.views.signals
Successfully imported core.views.signals
Latest sensor data requested
Returning 4 sensor readings
Energy cost calculation requested with params: <QueryDict: {'period_type': ['daily'], 'period_start': ['2025-10-06T00:00:00.000Z'], 'period_end': ['2025-10-06T23:59:59.000Z']}>
Initial query count: 0
All matching EnergySummaries: []
No daily energy summaries found for criteria: room_id=None, equipment_id=None, component_id=None, period_start=2025-10-06T00:00:00+00:00, period_end=2025-10-07T00:00:00+00:00
Latest sensor data requested
Returning 4 sensor readings
Latest sensor data requested
Returning 4 sensor readings
Latest sensor data requested
Returning 4 sensor readings
Latest sensor data requested
Returning 4 sensor readings
Latest sensor data requested
Returning 4 sensor readings
Latest sensor data requested
Returning 4 sensor readings
Latest sensor data requested
Returning 4 sensor readings
Latest sensor data requested
Returning 4 sensor readings
Latest sensor data requested
Returning 4 sensor readings
Latest sensor data requested
Returning 4 sensor readings
Latest sensor data requested
Returning 4 sensor readings
Latest sensor data requested
Returning 4 sensor readings
Latest sensor data requested
Returning 4 sensor readings
